{"numFailedTestSuites":4,"numFailedTests":3,"numPassedTestSuites":28,"numPassedTests":75,"numPendingTestSuites":0,"numPendingTests":0,"numRuntimeErrorTestSuites":1,"numTodoTests":0,"numTotalTestSuites":32,"numTotalTests":78,"openHandles":[],"snapshot":{"added":0,"didUpdate":false,"failure":false,"filesAdded":0,"filesRemoved":0,"filesRemovedList":[],"filesUnmatched":0,"filesUpdated":0,"matched":0,"total":0,"unchecked":0,"uncheckedKeysByFile":[],"unmatched":0,"updated":0},"startTime":1769134867784,"success":false,"testResults":[{"assertionResults":[{"ancestorTitles":["RefundRequestsPage"],"failureMessages":[],"fullName":"RefundRequestsPage renders header and empty state when no requests","location":null,"status":"passed","title":"renders header and empty state when no requests"}],"endTime":1769134874373,"message":"","name":"C:\\Users\\USER\\Documents\\divinaPopinaV2\\frontend\\src\\pages\\customer_service\\__tests__\\RefundRequestsPage.test.js","startTime":1769134870328,"status":"passed","summary":""},{"assertionResults":[{"ancestorTitles":["Header (error path)"],"failureMessages":[],"fullName":"Header (error path) renders header without relying on categories API","location":null,"status":"passed","title":"renders header without relying on categories API"}],"endTime":1769134874632,"message":"","name":"C:\\Users\\USER\\Documents\\divinaPopinaV2\\frontend\\src\\components\\__tests__\\Header.error.test.js","startTime":1769134870393,"status":"passed","summary":""},{"assertionResults":[{"ancestorTitles":[],"failureMessages":[],"fullName":"shows login options when not authenticated","location":null,"status":"passed","title":"shows login options when not authenticated"}],"endTime":1769134874945,"message":"","name":"C:\\Users\\USER\\Documents\\divinaPopinaV2\\frontend\\src\\components\\__tests__\\UserMenu.unauth.test.js","startTime":1769134870466,"status":"passed","summary":""},{"assertionResults":[{"ancestorTitles":["ErrorBoundary (dedicated)"],"failureMessages":[],"fullName":"ErrorBoundary (dedicated) renders fallback UI on error","location":null,"status":"passed","title":"renders fallback UI on error"}],"endTime":1769134874967,"message":"","name":"C:\\Users\\USER\\Documents\\divinaPopinaV2\\frontend\\src\\components\\__tests__\\ErrorBoundary.dedicated.test.js","startTime":1769134870495,"status":"passed","summary":""},{"assertionResults":[{"ancestorTitles":["Header"],"failureMessages":[],"fullName":"Header renders logo and role-scoped navigation","location":null,"status":"passed","title":"renders logo and role-scoped navigation"},{"ancestorTitles":["Header"],"failureMessages":[],"fullName":"Header shows role indicator pill and opens role switcher","location":null,"status":"passed","title":"shows role indicator pill and opens role switcher"},{"ancestorTitles":["Header"],"failureMessages":[],"fullName":"Header renders InfoBox with title and text","location":null,"status":"passed","title":"renders InfoBox with title and text"},{"ancestorTitles":["Header"],"failureMessages":[],"fullName":"Header ErrorBoundary renders fallback on error","location":null,"status":"passed","title":"ErrorBoundary renders fallback on error"}],"endTime":1769134875132,"message":"","name":"C:\\Users\\USER\\Documents\\divinaPopinaV2\\frontend\\src\\components\\__tests__\\Header.test.js","startTime":1769134870362,"status":"passed","summary":""},{"assertionResults":[{"ancestorTitles":["ShipmentIssuesPage"],"failureMessages":[],"fullName":"ShipmentIssuesPage renders header and empty state when no issues","location":null,"status":"passed","title":"renders header and empty state when no issues"}],"endTime":1769134875236,"message":"","name":"C:\\Users\\USER\\Documents\\divinaPopinaV2\\frontend\\src\\pages\\customer_service\\__tests__\\ShipmentIssuesPage.test.js","startTime":1769134870419,"status":"passed","summary":""},{"assertionResults":[{"ancestorTitles":["ProductList"],"failureMessages":[],"fullName":"ProductList renders empty state when no products","location":null,"status":"passed","title":"renders empty state when no products"},{"ancestorTitles":["ProductList"],"failureMessages":[],"fullName":"ProductList renders product cards from props","location":null,"status":"passed","title":"renders product cards from props"},{"ancestorTitles":["ProductList"],"failureMessages":[],"fullName":"ProductList Reviews shows empty state and list with seller response","location":null,"status":"passed","title":"Reviews shows empty state and list with seller response"},{"ancestorTitles":["ProductList"],"failureMessages":[],"fullName":"ProductList SellerProductCard renders and triggers click","location":null,"status":"passed","title":"SellerProductCard renders and triggers click"}],"endTime":1769134875273,"message":"","name":"C:\\Users\\USER\\Documents\\divinaPopinaV2\\frontend\\src\\components\\__tests__\\ProductList.test.js","startTime":1769134870447,"status":"passed","summary":""},{"assertionResults":[{"ancestorTitles":["CatalogPage"],"failureMessages":[],"fullName":"CatalogPage shows empty state when no items","location":null,"status":"passed","title":"shows empty state when no items"},{"ancestorTitles":["CatalogPage"],"failureMessages":[],"fullName":"CatalogPage renders paged items and supports click","location":null,"status":"passed","title":"renders paged items and supports click"},{"ancestorTitles":["CatalogPage"],"failureMessages":[],"fullName":"CatalogPage pagination next/prev buttons call onPageChange","location":null,"status":"passed","title":"pagination next/prev buttons call onPageChange"}],"endTime":1769134875295,"message":"","name":"C:\\Users\\USER\\Documents\\divinaPopinaV2\\frontend\\src\\components\\__tests__\\CatalogPage.test.js","startTime":1769134870393,"status":"passed","summary":""},{"assertionResults":[{"ancestorTitles":[],"failureMessages":[],"fullName":"renders buttons and handles clicks","location":null,"status":"passed","title":"renders buttons and handles clicks"}],"endTime":1769134875317,"message":"","name":"C:\\Users\\USER\\Documents\\divinaPopinaV2\\frontend\\src\\components\\__tests__\\Pagination.test.js","startTime":1769134870488,"status":"passed","summary":""},{"assertionResults":[{"ancestorTitles":["OrderAddressForm"],"failureMessages":[],"fullName":"OrderAddressForm updates fields and calls onChange","location":null,"status":"passed","title":"updates fields and calls onChange"},{"ancestorTitles":["OrderAddressForm"],"failureMessages":[],"fullName":"OrderAddressForm inputs are required","location":null,"status":"passed","title":"inputs are required"}],"endTime":1769134875384,"message":"","name":"C:\\Users\\USER\\Documents\\divinaPopinaV2\\frontend\\src\\components\\__tests__\\OrderAddressForm.test.js","startTime":1769134870349,"status":"passed","summary":""},{"assertionResults":[{"ancestorTitles":["OrderPage"],"failureMessages":[],"fullName":"OrderPage renders header and submits address fields","location":null,"status":"passed","title":"renders header and submits address fields"}],"endTime":1769134875610,"message":"","name":"C:\\Users\\USER\\Documents\\divinaPopinaV2\\frontend\\src\\pages\\__tests__\\OrderPage.test.js","startTime":1769134874491,"status":"passed","summary":""},{"assertionResults":[{"ancestorTitles":["DecisionFrame"],"failureMessages":[],"fullName":"DecisionFrame returns null when not visible","location":null,"status":"passed","title":"returns null when not visible"},{"ancestorTitles":["DecisionFrame"],"failureMessages":[],"fullName":"DecisionFrame renders banner, preview and triggers actions","location":null,"status":"passed","title":"renders banner, preview and triggers actions"}],"endTime":1769134875645,"message":"","name":"C:\\Users\\USER\\Documents\\divinaPopinaV2\\frontend\\src\\components\\__tests__\\DecisionFrame.test.js","startTime":1769134870437,"status":"passed","summary":""},{"assertionResults":[{"ancestorTitles":["Layout"],"failureMessages":[],"fullName":"Layout renders header, redirect, and children","location":null,"status":"passed","title":"renders header, redirect, and children"}],"endTime":1769134875767,"message":"","name":"C:\\Users\\USER\\Documents\\divinaPopinaV2\\frontend\\src\\components\\__tests__\\Layout.test.js","startTime":1769134870482,"status":"passed","summary":""},{"assertionResults":[{"ancestorTitles":["SellerProductCard"],"failureMessages":[],"fullName":"SellerProductCard renders product details","location":null,"status":"passed","title":"renders product details"},{"ancestorTitles":["SellerProductCard"],"failureMessages":[],"fullName":"SellerProductCard calls onClick when clicked","location":null,"status":"passed","title":"calls onClick when clicked"}],"endTime":1769134875873,"message":"","name":"C:\\Users\\USER\\Documents\\divinaPopinaV2\\frontend\\src\\components\\__tests__\\SellerProductCard.test.js","startTime":1769134870484,"status":"passed","summary":""},{"assertionResults":[{"ancestorTitles":["EmployeeNav"],"failureMessages":[],"fullName":"EmployeeNav renders general links","location":null,"status":"passed","title":"renders general links"},{"ancestorTitles":["EmployeeNav"],"failureMessages":[],"fullName":"EmployeeNav renders department-specific links for shipment","location":null,"status":"passed","title":"renders department-specific links for shipment"},{"ancestorTitles":["EmployeeNav"],"failureMessages":[],"fullName":"EmployeeNav does not render department links for unknown dept","location":null,"status":"passed","title":"does not render department links for unknown dept"}],"endTime":1769134875894,"message":"","name":"C:\\Users\\USER\\Documents\\divinaPopinaV2\\frontend\\src\\components\\__tests__\\EmployeeNav.test.js","startTime":1769134874760,"status":"passed","summary":""},{"assertionResults":[{"ancestorTitles":["DetailPage"],"failureMessages":[],"fullName":"DetailPage shows images alert when none","location":null,"status":"passed","title":"shows images alert when none"},{"ancestorTitles":["DetailPage"],"failureMessages":[],"fullName":"DetailPage allows variant selection","location":null,"status":"passed","title":"allows variant selection"},{"ancestorTitles":["DetailPage"],"failureMessages":[],"fullName":"DetailPage renders reviews list and empty state","location":null,"status":"passed","title":"renders reviews list and empty state"}],"endTime":1769134875908,"message":"","name":"C:\\Users\\USER\\Documents\\divinaPopinaV2\\frontend\\src\\components\\__tests__\\DetailPage.test.js","startTime":1769134870443,"status":"passed","summary":""},{"assertionResults":[],"coverage":{},"endTime":1769134878332,"message":"  \u001b[1m● \u001b[22mTest suite failed to run\n\n    SyntaxError: C:\\Users\\USER\\Documents\\divinaPopinaV2\\frontend\\src\\pages\\__tests__\\ProductDetailPage.test.js: Unexpected token, expected \",\" (30:4)\n\n    \u001b[0m \u001b[90m 28 |\u001b[39m             description\u001b[33m:\u001b[39m \u001b[32m'A great widget.'\u001b[39m\n     \u001b[90m 29 |\u001b[39m           }\n    \u001b[31m\u001b[1m>\u001b[22m\u001b[39m\u001b[90m 30 |\u001b[39m   })\u001b[33m;\u001b[39m\n     \u001b[90m    |\u001b[39m     \u001b[31m\u001b[1m^\u001b[22m\u001b[39m\n     \u001b[90m 31 |\u001b[39m   jest\u001b[33m.\u001b[39mmock(\u001b[32m'../../context/AuthContext'\u001b[39m\u001b[33m,\u001b[39m () \u001b[33m=>\u001b[39m ({\n     \u001b[90m 32 |\u001b[39m     __esModule\u001b[33m:\u001b[39m \u001b[36mtrue\u001b[39m\u001b[33m,\u001b[39m\n     \u001b[90m 33 |\u001b[39m     useAuth\u001b[33m:\u001b[39m () \u001b[33m=>\u001b[39m ({ user\u001b[33m:\u001b[39m \u001b[36mnull\u001b[39m })\u001b[0m\n\n      \u001b[2mat toParseError (\u001b[22mnode_modules/@babel/parser/src/parse-error.ts\u001b[2m:95:45)\u001b[22m\n      \u001b[2mat FlowParserMixin.raise (\u001b[22mnode_modules/@babel/parser/src/tokenizer/index.ts\u001b[2m:1507:19)\u001b[22m\n      \u001b[2mat FlowParserMixin.unexpected (\u001b[22mnode_modules/@babel/parser/src/tokenizer/index.ts\u001b[2m:1547:16)\u001b[22m\n      \u001b[2mat FlowParserMixin.expect (\u001b[22mnode_modules/@babel/parser/src/parser/util.ts\u001b[2m:157:12)\u001b[22m\n      \u001b[2mat FlowParserMixin.parseObjectLike (\u001b[22mnode_modules/@babel/parser/src/parser/expression.ts\u001b[2m:2084:14)\u001b[22m\n      \u001b[2mat FlowParserMixin.parseExprAtom (\u001b[22mnode_modules/@babel/parser/src/parser/expression.ts\u001b[2m:1181:21)\u001b[22m\n      \u001b[2mat FlowParserMixin.parseExprAtom (\u001b[22mnode_modules/@babel/parser/src/plugins/jsx/index.ts\u001b[2m:583:22)\u001b[22m\n      \u001b[2mat FlowParserMixin.parseExprSubscripts (\u001b[22mnode_modules/@babel/parser/src/parser/expression.ts\u001b[2m:742:23)\u001b[22m\n      \u001b[2mat FlowParserMixin.parseUpdate (\u001b[22mnode_modules/@babel/parser/src/parser/expression.ts\u001b[2m:721:21)\u001b[22m\n      \u001b[2mat FlowParserMixin.parseMaybeUnary (\u001b[22mnode_modules/@babel/parser/src/parser/expression.ts\u001b[2m:683:23)\u001b[22m\n      \u001b[2mat FlowParserMixin.parseMaybeUnaryOrPrivate (\u001b[22mnode_modules/@babel/parser/src/parser/expression.ts\u001b[2m:417:14)\u001b[22m\n      \u001b[2mat FlowParserMixin.parseExprOps (\u001b[22mnode_modules/@babel/parser/src/parser/expression.ts\u001b[2m:429:23)\u001b[22m\n      \u001b[2mat FlowParserMixin.parseMaybeConditional (\u001b[22mnode_modules/@babel/parser/src/parser/expression.ts\u001b[2m:384:23)\u001b[22m\n      \u001b[2mat FlowParserMixin.parseMaybeAssign (\u001b[22mnode_modules/@babel/parser/src/parser/expression.ts\u001b[2m:301:21)\u001b[22m\n      \u001b[2mat FlowParserMixin.parseMaybeAssign (\u001b[22mnode_modules/@babel/parser/src/plugins/flow/index.ts\u001b[2m:3098:20)\u001b[22m\n      \u001b[2mat callback (\u001b[22mnode_modules/@babel/parser/src/parser/expression.ts\u001b[2m:257:12)\u001b[22m\n      \u001b[2mat FlowParserMixin.allowInAnd (\u001b[22mnode_modules/@babel/parser/src/parser/expression.ts\u001b[2m:3202:12)\u001b[22m\n      \u001b[2mat FlowParserMixin.parseMaybeAssignAllowIn (\u001b[22mnode_modules/@babel/parser/src/parser/expression.ts\u001b[2m:256:17)\u001b[22m\n      \u001b[2mat FlowParserMixin.parseMaybeAssignAllowInOrVoidPattern (\u001b[22mnode_modules/@babel/parser/src/parser/expression.ts\u001b[2m:3316:17)\u001b[22m\n      \u001b[2mat FlowParserMixin.parseExprListItem (\u001b[22mnode_modules/@babel/parser/src/parser/expression.ts\u001b[2m:2798:18)\u001b[22m\n      \u001b[2mat FlowParserMixin.parseCallExpressionArguments (\u001b[22mnode_modules/@babel/parser/src/parser/expression.ts\u001b[2m:1042:14)\u001b[22m\n      \u001b[2mat FlowParserMixin.parseCoverCallAndAsyncArrowHead (\u001b[22mnode_modules/@babel/parser/src/parser/expression.ts\u001b[2m:922:29)\u001b[22m\n      \u001b[2mat FlowParserMixin.parseSubscript (\u001b[22mnode_modules/@babel/parser/src/parser/expression.ts\u001b[2m:804:19)\u001b[22m\n      \u001b[2mat FlowParserMixin.parseSubscript (\u001b[22mnode_modules/@babel/parser/src/plugins/flow/index.ts\u001b[2m:3314:20)\u001b[22m\n      \u001b[2mat FlowParserMixin.parseSubscripts (\u001b[22mnode_modules/@babel/parser/src/parser/expression.ts\u001b[2m:763:19)\u001b[22m\n      \u001b[2mat FlowParserMixin.parseSubscripts (\u001b[22mnode_modules/@babel/parser/src/plugins/flow/index.ts\u001b[2m:3257:20)\u001b[22m\n      \u001b[2mat FlowParserMixin.parseExprSubscripts (\u001b[22mnode_modules/@babel/parser/src/parser/expression.ts\u001b[2m:748:17)\u001b[22m\n      \u001b[2mat FlowParserMixin.parseUpdate (\u001b[22mnode_modules/@babel/parser/src/parser/expression.ts\u001b[2m:721:21)\u001b[22m\n      \u001b[2mat FlowParserMixin.parseMaybeUnary (\u001b[22mnode_modules/@babel/parser/src/parser/expression.ts\u001b[2m:683:23)\u001b[22m\n      \u001b[2mat FlowParserMixin.parseMaybeUnaryOrPrivate (\u001b[22mnode_modules/@babel/parser/src/parser/expression.ts\u001b[2m:417:14)\u001b[22m\n      \u001b[2mat FlowParserMixin.parseExprOps (\u001b[22mnode_modules/@babel/parser/src/parser/expression.ts\u001b[2m:429:23)\u001b[22m\n      \u001b[2mat FlowParserMixin.parseMaybeConditional (\u001b[22mnode_modules/@babel/parser/src/parser/expression.ts\u001b[2m:384:23)\u001b[22m\n      \u001b[2mat FlowParserMixin.parseMaybeAssign (\u001b[22mnode_modules/@babel/parser/src/parser/expression.ts\u001b[2m:301:21)\u001b[22m\n      \u001b[2mat FlowParserMixin.parseMaybeAssign (\u001b[22mnode_modules/@babel/parser/src/plugins/flow/index.ts\u001b[2m:3098:20)\u001b[22m\n      \u001b[2mat FlowParserMixin.parseExpressionBase (\u001b[22mnode_modules/@babel/parser/src/parser/expression.ts\u001b[2m:226:23)\u001b[22m\n      \u001b[2mat callback (\u001b[22mnode_modules/@babel/parser/src/parser/expression.ts\u001b[2m:217:39)\u001b[22m\n      \u001b[2mat FlowParserMixin.allowInAnd (\u001b[22mnode_modules/@babel/parser/src/parser/expression.ts\u001b[2m:3197:16)\u001b[22m\n      \u001b[2mat FlowParserMixin.parseExpression (\u001b[22mnode_modules/@babel/parser/src/parser/expression.ts\u001b[2m:217:17)\u001b[22m\n      \u001b[2mat FlowParserMixin.parseReturnStatement (\u001b[22mnode_modules/@babel/parser/src/parser/statement.ts\u001b[2m:1115:28)\u001b[22m\n      \u001b[2mat FlowParserMixin.parseStatementContent (\u001b[22mnode_modules/@babel/parser/src/parser/statement.ts\u001b[2m:543:21)\u001b[22m\n      \u001b[2mat FlowParserMixin.parseStatementLike (\u001b[22mnode_modules/@babel/parser/src/parser/statement.ts\u001b[2m:482:17)\u001b[22m\n      \u001b[2mat FlowParserMixin.parseStatementLike (\u001b[22mnode_modules/@babel/parser/src/plugins/flow/index.ts\u001b[2m:1991:26)\u001b[22m\n      \u001b[2mat FlowParserMixin.parseStatementListItem (\u001b[22mnode_modules/@babel/parser/src/parser/statement.ts\u001b[2m:431:17)\u001b[22m\n      \u001b[2mat FlowParserMixin.parseBlockOrModuleBlockBody (\u001b[22mnode_modules/@babel/parser/src/parser/statement.ts\u001b[2m:1444:16)\u001b[22m\n      \u001b[2mat FlowParserMixin.parseBlockBody (\u001b[22mnode_modules/@babel/parser/src/parser/statement.ts\u001b[2m:1417:10)\u001b[22m\n      \u001b[2mat FlowParserMixin.parseBlock (\u001b[22mnode_modules/@babel/parser/src/parser/statement.ts\u001b[2m:1385:10)\u001b[22m\n      \u001b[2mat FlowParserMixin.parseStatementContent (\u001b[22mnode_modules/@babel/parser/src/parser/statement.ts\u001b[2m:622:21)\u001b[22m\n      \u001b[2mat FlowParserMixin.parseStatementLike (\u001b[22mnode_modules/@babel/parser/src/parser/statement.ts\u001b[2m:482:17)\u001b[22m\n      \u001b[2mat FlowParserMixin.parseStatementLike (\u001b[22mnode_modules/@babel/parser/src/plugins/flow/index.ts\u001b[2m:1991:26)\u001b[22m\n      \u001b[2mat FlowParserMixin.parseStatementOrSloppyAnnexBFunctionDeclaration (\u001b[22mnode_modules/@babel/parser/src/parser/statement.ts\u001b[2m:451:17)\u001b[22m\n","name":"C:\\Users\\USER\\Documents\\divinaPopinaV2\\frontend\\src\\pages\\__tests__\\ProductDetailPage.test.js","startTime":1769134878332,"status":"failed","summary":""},{"assertionResults":[{"ancestorTitles":[],"failureMessages":[],"fullName":"fetchWishlistItems success","location":null,"status":"passed","title":"fetchWishlistItems success"},{"ancestorTitles":[],"failureMessages":[],"fullName":"fetchWishlistItems failure","location":null,"status":"passed","title":"fetchWishlistItems failure"},{"ancestorTitles":[],"failureMessages":[],"fullName":"editWishlistItemQuantity success","location":null,"status":"passed","title":"editWishlistItemQuantity success"},{"ancestorTitles":[],"failureMessages":[],"fullName":"editWishlistItemQuantity failure","location":null,"status":"passed","title":"editWishlistItemQuantity failure"},{"ancestorTitles":[],"failureMessages":[],"fullName":"removeWishlistItem success","location":null,"status":"passed","title":"removeWishlistItem success"},{"ancestorTitles":[],"failureMessages":[],"fullName":"removeWishlistItem failure","location":null,"status":"passed","title":"removeWishlistItem failure"}],"endTime":1769134876251,"message":"","name":"C:\\Users\\USER\\Documents\\divinaPopinaV2\\frontend\\src\\api\\wishlist.test.js","startTime":1769134875489,"status":"passed","summary":""},{"assertionResults":[{"ancestorTitles":[],"failureMessages":[],"fullName":"fetchIssues success","location":null,"status":"passed","title":"fetchIssues success"},{"ancestorTitles":[],"failureMessages":[],"fullName":"fetchIssues failure","location":null,"status":"passed","title":"fetchIssues failure"},{"ancestorTitles":[],"failureMessages":[],"fullName":"fetchIssueDetail success","location":null,"status":"passed","title":"fetchIssueDetail success"},{"ancestorTitles":[],"failureMessages":[],"fullName":"fetchIssueDetail failure","location":null,"status":"passed","title":"fetchIssueDetail failure"},{"ancestorTitles":[],"failureMessages":[],"fullName":"fetchReimbursements success","location":null,"status":"passed","title":"fetchReimbursements success"},{"ancestorTitles":[],"failureMessages":[],"fullName":"fetchReimbursements failure","location":null,"status":"passed","title":"fetchReimbursements failure"},{"ancestorTitles":[],"failureMessages":[],"fullName":"fetchReimbursementDetail success","location":null,"status":"passed","title":"fetchReimbursementDetail success"},{"ancestorTitles":[],"failureMessages":[],"fullName":"fetchReimbursementDetail failure","location":null,"status":"passed","title":"fetchReimbursementDetail failure"}],"endTime":1769134876263,"message":"","name":"C:\\Users\\USER\\Documents\\divinaPopinaV2\\frontend\\src\\api\\financeService.test.js","startTime":1769134875549,"status":"passed","summary":""},{"assertionResults":[{"ancestorTitles":["Reviews"],"failureMessages":[],"fullName":"Reviews renders empty state","location":null,"status":"passed","title":"renders empty state"},{"ancestorTitles":["Reviews"],"failureMessages":[],"fullName":"Reviews renders reviews and seller response","location":null,"status":"passed","title":"renders reviews and seller response"}],"endTime":1769134876250,"message":"","name":"C:\\Users\\USER\\Documents\\divinaPopinaV2\\frontend\\src\\components\\__tests__\\Reviews.test.js","startTime":1769134875211,"status":"passed","summary":""},{"assertionResults":[{"ancestorTitles":[],"failureMessages":[],"fullName":"fetchCartItems success","location":null,"status":"passed","title":"fetchCartItems success"},{"ancestorTitles":[],"failureMessages":[],"fullName":"fetchCartItems failure","location":null,"status":"passed","title":"fetchCartItems failure"},{"ancestorTitles":[],"failureMessages":[],"fullName":"editCartItemQuantity success","location":null,"status":"passed","title":"editCartItemQuantity success"},{"ancestorTitles":[],"failureMessages":[],"fullName":"editCartItemQuantity failure","location":null,"status":"passed","title":"editCartItemQuantity failure"},{"ancestorTitles":[],"failureMessages":[],"fullName":"removeCartItem success","location":null,"status":"passed","title":"removeCartItem success"},{"ancestorTitles":[],"failureMessages":[],"fullName":"removeCartItem failure","location":null,"status":"passed","title":"removeCartItem failure"}],"endTime":1769134876311,"message":"","name":"C:\\Users\\USER\\Documents\\divinaPopinaV2\\frontend\\src\\api\\cart.test.js","startTime":1769134875620,"status":"passed","summary":""},{"assertionResults":[{"ancestorTitles":[],"failureMessages":[],"fullName":"redirects employee from root","location":null,"status":"passed","title":"redirects employee from root"},{"ancestorTitles":[],"failureMessages":[],"fullName":"EmployeeNav renders general and department links","location":null,"status":"passed","title":"EmployeeNav renders general and department links"}],"endTime":1769134876312,"message":"","name":"C:\\Users\\USER\\Documents\\divinaPopinaV2\\frontend\\src\\components\\__tests__\\RoleBasedRedirect.test.js","startTime":1769134875325,"status":"passed","summary":""},{"assertionResults":[{"ancestorTitles":["guestCart"],"failureMessages":[],"fullName":"guestCart adds product without variant and stores in localStorage","location":null,"status":"passed","title":"adds product without variant and stores in localStorage"},{"ancestorTitles":["guestCart"],"failureMessages":[],"fullName":"guestCart adds product with variant and increments quantity if same key","location":null,"status":"passed","title":"adds product with variant and increments quantity if same key"},{"ancestorTitles":["guestCart"],"failureMessages":[],"fullName":"guestCart update quantity and remove item","location":null,"status":"passed","title":"update quantity and remove item"},{"ancestorTitles":["guestCart"],"failureMessages":[],"fullName":"guestCart maps items for display with totals","location":null,"status":"passed","title":"maps items for display with totals"}],"endTime":1769134876336,"message":"","name":"C:\\Users\\USER\\Documents\\divinaPopinaV2\\frontend\\src\\cart\\guestCart.test.js","startTime":1769134875714,"status":"passed","summary":""},{"assertionResults":[{"ancestorTitles":[],"failureMessages":[],"fullName":"shows login options when not authenticated","location":null,"status":"passed","title":"shows login options when not authenticated"}],"endTime":1769134876345,"message":"","name":"C:\\Users\\USER\\Documents\\divinaPopinaV2\\frontend\\src\\components\\__tests__\\UserMenu.test.js","startTime":1769134875242,"status":"passed","summary":""},{"assertionResults":[{"ancestorTitles":["InfoBox"],"failureMessages":[],"fullName":"InfoBox renders title and text","location":null,"status":"passed","title":"renders title and text"},{"ancestorTitles":["InfoBox"],"failureMessages":[],"fullName":"InfoBox handles empty props gracefully","location":null,"status":"passed","title":"handles empty props gracefully"}],"endTime":1769134876345,"message":"","name":"C:\\Users\\USER\\Documents\\divinaPopinaV2\\frontend\\src\\components\\__tests__\\InfoBox.test.js","startTime":1769134875427,"status":"passed","summary":""},{"assertionResults":[{"ancestorTitles":[],"failureMessages":[],"fullName":"getAllCustomerRefundRequests success","location":null,"status":"passed","title":"getAllCustomerRefundRequests success"},{"ancestorTitles":[],"failureMessages":[],"fullName":"getAllCustomerRefundRequests empty","location":null,"status":"passed","title":"getAllCustomerRefundRequests empty"},{"ancestorTitles":[],"failureMessages":[],"fullName":"getSpecificRefundRequest success","location":null,"status":"passed","title":"getSpecificRefundRequest success"},{"ancestorTitles":[],"failureMessages":[],"fullName":"getSpecificRefundRequest failure","location":null,"status":"passed","title":"getSpecificRefundRequest failure"},{"ancestorTitles":[],"failureMessages":[],"fullName":"approveOrDenyRefund success","location":null,"status":"passed","title":"approveOrDenyRefund success"},{"ancestorTitles":[],"failureMessages":[],"fullName":"getShipmentGrievanceReports success","location":null,"status":"passed","title":"getShipmentGrievanceReports success"}],"endTime":1769134876393,"message":"","name":"C:\\Users\\USER\\Documents\\divinaPopinaV2\\frontend\\src\\api\\customerService.test.js","startTime":1769134875831,"status":"passed","summary":""},{"assertionResults":[{"ancestorTitles":[],"failureMessages":[],"fullName":"shows logout when authenticated","location":null,"status":"passed","title":"shows logout when authenticated"}],"endTime":1769134876404,"message":"","name":"C:\\Users\\USER\\Documents\\divinaPopinaV2\\frontend\\src\\components\\__tests__\\UserMenu.auth.test.js","startTime":1769134875484,"status":"passed","summary":""},{"assertionResults":[{"ancestorTitles":[],"failureMessages":[],"fullName":"renders homepage welcome","location":null,"status":"passed","title":"renders homepage welcome"}],"endTime":1769134876376,"message":"","name":"C:\\Users\\USER\\Documents\\divinaPopinaV2\\frontend\\src\\App.test.js","startTime":1769134870484,"status":"passed","summary":""},{"assertionResults":[{"ancestorTitles":["WishlistPage"],"failureMessages":["TypeError: Cannot read properties of undefined (reading 'data')\n    at WishlistPage (C:\\Users\\USER\\Documents\\divinaPopinaV2\\frontend\\src\\pages\\WishlistPage.js:10:17)\n    at Object.react_stack_bottom_frame (C:\\Users\\USER\\Documents\\divinaPopinaV2\\frontend\\node_modules\\react-dom\\cjs\\react-dom-client.development.js:25904:20)\n    at renderWithHooks (C:\\Users\\USER\\Documents\\divinaPopinaV2\\frontend\\node_modules\\react-dom\\cjs\\react-dom-client.development.js:7662:22)\n    at updateFunctionComponent (C:\\Users\\USER\\Documents\\divinaPopinaV2\\frontend\\node_modules\\react-dom\\cjs\\react-dom-client.development.js:10166:19)\n    at beginWork (C:\\Users\\USER\\Documents\\divinaPopinaV2\\frontend\\node_modules\\react-dom\\cjs\\react-dom-client.development.js:11778:18)\n    at runWithFiberInDEV (C:\\Users\\USER\\Documents\\divinaPopinaV2\\frontend\\node_modules\\react-dom\\cjs\\react-dom-client.development.js:874:13)\n    at performUnitOfWork (C:\\Users\\USER\\Documents\\divinaPopinaV2\\frontend\\node_modules\\react-dom\\cjs\\react-dom-client.development.js:17641:22)\n    at workLoopSync (C:\\Users\\USER\\Documents\\divinaPopinaV2\\frontend\\node_modules\\react-dom\\cjs\\react-dom-client.development.js:17469:41)\n    at renderRootSync (C:\\Users\\USER\\Documents\\divinaPopinaV2\\frontend\\node_modules\\react-dom\\cjs\\react-dom-client.development.js:17450:11)\n    at performWorkOnRoot (C:\\Users\\USER\\Documents\\divinaPopinaV2\\frontend\\node_modules\\react-dom\\cjs\\react-dom-client.development.js:16583:35)\n    at performWorkOnRootViaSchedulerTask (C:\\Users\\USER\\Documents\\divinaPopinaV2\\frontend\\node_modules\\react-dom\\cjs\\react-dom-client.development.js:18957:7)\n    at flushActQueue (C:\\Users\\USER\\Documents\\divinaPopinaV2\\frontend\\node_modules\\react\\cjs\\react.development.js:590:34)\n    at Object.<anonymous>.process.env.NODE_ENV.exports.act (C:\\Users\\USER\\Documents\\divinaPopinaV2\\frontend\\node_modules\\react\\cjs\\react.development.js:884:10)\n    at C:\\Users\\USER\\Documents\\divinaPopinaV2\\frontend\\node_modules\\@testing-library\\react\\dist\\act-compat.js:46:25\n    at renderRoot (C:\\Users\\USER\\Documents\\divinaPopinaV2\\frontend\\node_modules\\@testing-library\\react\\dist\\pure.js:189:26)\n    at render (C:\\Users\\USER\\Documents\\divinaPopinaV2\\frontend\\node_modules\\@testing-library\\react\\dist\\pure.js:291:10)\n    at renderWithRouter (C:\\Users\\USER\\Documents\\divinaPopinaV2\\frontend\\src\\test-utils\\renderWithRouter.js:6:16)\n    at Object.<anonymous> (C:\\Users\\USER\\Documents\\divinaPopinaV2\\frontend\\src\\pages\\__tests__\\WishlistPage.test.js:14:43)\n    at Promise.then.completed (C:\\Users\\USER\\Documents\\divinaPopinaV2\\frontend\\node_modules\\jest-circus\\build\\utils.js:391:28)\n    at new Promise (<anonymous>)\n    at callAsyncCircusFn (C:\\Users\\USER\\Documents\\divinaPopinaV2\\frontend\\node_modules\\jest-circus\\build\\utils.js:316:10)\n    at _callCircusTest (C:\\Users\\USER\\Documents\\divinaPopinaV2\\frontend\\node_modules\\jest-circus\\build\\run.js:218:40)\n    at processTicksAndRejections (node:internal/process/task_queues:95:5)\n    at _runTest (C:\\Users\\USER\\Documents\\divinaPopinaV2\\frontend\\node_modules\\jest-circus\\build\\run.js:155:3)\n    at _runTestsForDescribeBlock (C:\\Users\\USER\\Documents\\divinaPopinaV2\\frontend\\node_modules\\jest-circus\\build\\run.js:66:9)\n    at _runTestsForDescribeBlock (C:\\Users\\USER\\Documents\\divinaPopinaV2\\frontend\\node_modules\\jest-circus\\build\\run.js:60:9)\n    at run (C:\\Users\\USER\\Documents\\divinaPopinaV2\\frontend\\node_modules\\jest-circus\\build\\run.js:25:3)\n    at runAndTransformResultsToJestFormat (C:\\Users\\USER\\Documents\\divinaPopinaV2\\frontend\\node_modules\\jest-circus\\build\\legacy-code-todo-rewrite\\jestAdapterInit.js:170:21)\n    at jestAdapter (C:\\Users\\USER\\Documents\\divinaPopinaV2\\frontend\\node_modules\\jest-circus\\build\\legacy-code-todo-rewrite\\jestAdapter.js:82:19)\n    at runTestInternal (C:\\Users\\USER\\Documents\\divinaPopinaV2\\frontend\\node_modules\\jest-runner\\build\\runTest.js:389:16)\n    at runTest (C:\\Users\\USER\\Documents\\divinaPopinaV2\\frontend\\node_modules\\jest-runner\\build\\runTest.js:475:34)\n    at Object.worker (C:\\Users\\USER\\Documents\\divinaPopinaV2\\frontend\\node_modules\\jest-runner\\build\\testWorker.js:133:12)"],"fullName":"WishlistPage renders header and empty state when no items","location":null,"status":"failed","title":"renders header and empty state when no items"}],"endTime":1769134876412,"message":"\u001b[1m\u001b[31m  \u001b[1m● \u001b[22m\u001b[1mWishlistPage › renders header and empty state when no items\u001b[39m\u001b[22m\n\n    TypeError: Cannot read properties of undefined (reading 'data')\n\u001b[2m\u001b[22m\n\u001b[2m    \u001b[0m \u001b[90m  8 |\u001b[39m\u001b[22m\n\u001b[2m     \u001b[90m  9 |\u001b[39m \u001b[36mconst\u001b[39m \u001b[33mWishlistPage\u001b[39m \u001b[33m=\u001b[39m () \u001b[33m=>\u001b[39m {\u001b[22m\n\u001b[2m    \u001b[31m\u001b[1m>\u001b[22m\u001b[2m\u001b[39m\u001b[90m 10 |\u001b[39m   \u001b[36mconst\u001b[39m { data\u001b[33m:\u001b[39m wishlistItems \u001b[33m=\u001b[39m []\u001b[33m,\u001b[39m loading\u001b[33m,\u001b[39m error } \u001b[33m=\u001b[39m useWishlistItems()\u001b[33m;\u001b[39m\u001b[22m\n\u001b[2m     \u001b[90m    |\u001b[39m                 \u001b[31m\u001b[1m^\u001b[22m\u001b[2m\u001b[39m\u001b[22m\n\u001b[2m     \u001b[90m 11 |\u001b[39m   \u001b[36mconst\u001b[39m [decisionMode\u001b[33m,\u001b[39m setDecisionMode] \u001b[33m=\u001b[39m useState(\u001b[36mfalse\u001b[39m)\u001b[33m;\u001b[39m\u001b[22m\n\u001b[2m     \u001b[90m 12 |\u001b[39m   \u001b[36mconst\u001b[39m [decisionType\u001b[33m,\u001b[39m setDecisionType] \u001b[33m=\u001b[39m useState(\u001b[32m''\u001b[39m)\u001b[33m;\u001b[39m\u001b[22m\n\u001b[2m     \u001b[90m 13 |\u001b[39m   \u001b[36mconst\u001b[39m [selectedItem\u001b[33m,\u001b[39m setSelectedItem] \u001b[33m=\u001b[39m useState(\u001b[36mnull\u001b[39m)\u001b[33m;\u001b[39m\u001b[0m\u001b[22m\n\u001b[2m\u001b[22m\n\u001b[2m      \u001b[2mat WishlistPage (\u001b[22m\u001b[2msrc/pages/WishlistPage.js\u001b[2m:10:17)\u001b[22m\u001b[2m\u001b[22m\n\u001b[2m      \u001b[2mat Object.react_stack_bottom_frame (\u001b[22m\u001b[2mnode_modules/react-dom/cjs/react-dom-client.development.js\u001b[2m:25904:20)\u001b[22m\u001b[2m\u001b[22m\n\u001b[2m      \u001b[2mat renderWithHooks (\u001b[22m\u001b[2mnode_modules/react-dom/cjs/react-dom-client.development.js\u001b[2m:7662:22)\u001b[22m\u001b[2m\u001b[22m\n\u001b[2m      \u001b[2mat updateFunctionComponent (\u001b[22m\u001b[2mnode_modules/react-dom/cjs/react-dom-client.development.js\u001b[2m:10166:19)\u001b[22m\u001b[2m\u001b[22m\n\u001b[2m      \u001b[2mat beginWork (\u001b[22m\u001b[2mnode_modules/react-dom/cjs/react-dom-client.development.js\u001b[2m:11778:18)\u001b[22m\u001b[2m\u001b[22m\n\u001b[2m      \u001b[2mat runWithFiberInDEV (\u001b[22m\u001b[2mnode_modules/react-dom/cjs/react-dom-client.development.js\u001b[2m:874:13)\u001b[22m\u001b[2m\u001b[22m\n\u001b[2m      \u001b[2mat performUnitOfWork (\u001b[22m\u001b[2mnode_modules/react-dom/cjs/react-dom-client.development.js\u001b[2m:17641:22)\u001b[22m\u001b[2m\u001b[22m\n\u001b[2m      \u001b[2mat workLoopSync (\u001b[22m\u001b[2mnode_modules/react-dom/cjs/react-dom-client.development.js\u001b[2m:17469:41)\u001b[22m\u001b[2m\u001b[22m\n\u001b[2m      \u001b[2mat renderRootSync (\u001b[22m\u001b[2mnode_modules/react-dom/cjs/react-dom-client.development.js\u001b[2m:17450:11)\u001b[22m\u001b[2m\u001b[22m\n\u001b[2m      \u001b[2mat performWorkOnRoot (\u001b[22m\u001b[2mnode_modules/react-dom/cjs/react-dom-client.development.js\u001b[2m:16583:35)\u001b[22m\u001b[2m\u001b[22m\n\u001b[2m      \u001b[2mat performWorkOnRootViaSchedulerTask (\u001b[22m\u001b[2mnode_modules/react-dom/cjs/react-dom-client.development.js\u001b[2m:18957:7)\u001b[22m\u001b[2m\u001b[22m\n\u001b[2m      \u001b[2mat flushActQueue (\u001b[22m\u001b[2mnode_modules/react/cjs/react.development.js\u001b[2m:590:34)\u001b[22m\u001b[2m\u001b[22m\n\u001b[2m      \u001b[2mat Object.<anonymous>.process.env.NODE_ENV.exports.act (\u001b[22m\u001b[2mnode_modules/react/cjs/react.development.js\u001b[2m:884:10)\u001b[22m\u001b[2m\u001b[22m\n\u001b[2m      \u001b[2mat \u001b[22m\u001b[2mnode_modules/@testing-library/react/dist/act-compat.js\u001b[2m:46:25\u001b[22m\u001b[2m\u001b[22m\n\u001b[2m      \u001b[2mat renderRoot (\u001b[22m\u001b[2mnode_modules/@testing-library/react/dist/pure.js\u001b[2m:189:26)\u001b[22m\u001b[2m\u001b[22m\n\u001b[2m      \u001b[2mat render (\u001b[22m\u001b[2mnode_modules/@testing-library/react/dist/pure.js\u001b[2m:291:10)\u001b[22m\u001b[2m\u001b[22m\n\u001b[2m      \u001b[2mat renderWithRouter (\u001b[22m\u001b[2msrc/test-utils/renderWithRouter.js\u001b[2m:6:16)\u001b[22m\u001b[2m\u001b[22m\n\u001b[2m      \u001b[2mat Object.<anonymous> (\u001b[22m\u001b[2m\u001b[0m\u001b[36msrc/pages/__tests__/WishlistPage.test.js\u001b[39m\u001b[0m\u001b[2m:14:43)\u001b[22m\u001b[2m\u001b[22m\n","name":"C:\\Users\\USER\\Documents\\divinaPopinaV2\\frontend\\src\\pages\\__tests__\\WishlistPage.test.js","startTime":1769134870392,"status":"failed","summary":""},{"assertionResults":[{"ancestorTitles":[],"failureMessages":[],"fullName":"getOrders success","location":null,"status":"passed","title":"getOrders success"},{"ancestorTitles":[],"failureMessages":[],"fullName":"getOrderDetails success","location":null,"status":"passed","title":"getOrderDetails success"},{"ancestorTitles":[],"failureMessages":[],"fullName":"createShipmentEvent success","location":null,"status":"passed","title":"createShipmentEvent success"},{"ancestorTitles":[],"failureMessages":[],"fullName":"getShipments success","location":null,"status":"passed","title":"getShipments success"}],"endTime":1769134876466,"message":"","name":"C:\\Users\\USER\\Documents\\divinaPopinaV2\\frontend\\src\\api\\shipmentService.test.js","startTime":1769134876061,"status":"passed","summary":""},{"assertionResults":[{"ancestorTitles":["CartPage"],"failureMessages":["Error: Unable to find an element with the text: No items in cart. This could be because the text is broken up by multiple elements. In this case, you can provide a function for your text matcher to make your matcher more flexible.\n\nIgnored nodes: comments, script, style\n\u001b[36m<body>\u001b[39m\n  \u001b[36m<div>\u001b[39m\n    \u001b[36m<div\u001b[39m\n      \u001b[33mclass\u001b[39m=\u001b[32m\"container py-4\"\u001b[39m\n    \u001b[36m>\u001b[39m\n      \u001b[36m<div\u001b[39m\n        \u001b[33mclass\u001b[39m=\u001b[32m\"page-header\"\u001b[39m\n      \u001b[36m>\u001b[39m\n        \u001b[36m<div\u001b[39m\n          \u001b[33mclass\u001b[39m=\u001b[32m\"page-header-left\"\u001b[39m\n        \u001b[36m>\u001b[39m\n          \u001b[36m<h1\u001b[39m\n            \u001b[33mclass\u001b[39m=\u001b[32m\"page-title h4\"\u001b[39m\n          \u001b[36m>\u001b[39m\n            \u001b[0mCart\u001b[0m\n          \u001b[36m</h1>\u001b[39m\n          \u001b[36m<div\u001b[39m\n            \u001b[33mclass\u001b[39m=\u001b[32m\"page-subtitle muted\"\u001b[39m\n          \u001b[36m>\u001b[39m\n            \u001b[0mReview items before checkout\u001b[0m\n          \u001b[36m</div>\u001b[39m\n        \u001b[36m</div>\u001b[39m\n        \u001b[36m<div\u001b[39m\n          \u001b[33mclass\u001b[39m=\u001b[32m\"page-header-right\"\u001b[39m\n        \u001b[36m/>\u001b[39m\n      \u001b[36m</div>\u001b[39m\n      \u001b[36m<div\u001b[39m\n        \u001b[33mclass\u001b[39m=\u001b[32m\"alert alert-danger\"\u001b[39m\n      \u001b[36m>\u001b[39m\n        \u001b[0mCannot read properties of undefined (reading 'items')\u001b[0m\n      \u001b[36m</div>\u001b[39m\n      \u001b[36m<div\u001b[39m\n        \u001b[33mclass\u001b[39m=\u001b[32m\"mt-4 text-end\"\u001b[39m\n      \u001b[36m>\u001b[39m\n        \u001b[36m<h4>\u001b[39m\n          \u001b[0mTotal: \u001b[0m\n          \u001b[36m<span\u001b[39m\n            \u001b[33mclass\u001b[39m=\u001b[32m\"fw-bold\"\u001b[39m\n          \u001b[36m>\u001b[39m\n            \u001b[0m$\u001b[0m\n            \u001b[0m0\u001b[0m\n          \u001b[36m</span>\u001b[39m\n        \u001b[36m</h4>\u001b[39m\n        \u001b[36m<button\u001b[39m\n          \u001b[33mclass\u001b[39m=\u001b[32m\"mt-2\"\u001b[39m\n        \u001b[36m>\u001b[39m\n          \u001b[0mProceed to checkout\u001b[0m\n        \u001b[36m</button>\u001b[39m\n      \u001b[36m</div>\u001b[39m\n    \u001b[36m</div>\u001b[39m\n  \u001b[36m</div>\u001b[39m\n\u001b[36m</body>\u001b[39m\n    at waitForWrapper (C:\\Users\\USER\\Documents\\divinaPopinaV2\\frontend\\node_modules\\@testing-library\\dom\\dist\\wait-for.js:163:27)\n    at findByText (C:\\Users\\USER\\Documents\\divinaPopinaV2\\frontend\\node_modules\\@testing-library\\dom\\dist\\query-helpers.js:86:33)\n    at Object.<anonymous> (C:\\Users\\USER\\Documents\\divinaPopinaV2\\frontend\\src\\pages\\__tests__\\CartPage.test.js:31:18)\n    at runNextTicks (node:internal/process/task_queues:60:5)\n    at listOnTimeout (node:internal/timers:540:9)\n    at processTimers (node:internal/timers:514:7)"],"fullName":"CartPage renders header and empty state when cart is empty","location":null,"status":"failed","title":"renders header and empty state when cart is empty"}],"endTime":1769134877059,"message":"\u001b[1m\u001b[31m  \u001b[1m● \u001b[22m\u001b[1mCartPage › renders header and empty state when cart is empty\u001b[39m\u001b[22m\n\n    Unable to find an element with the text: No items in cart. This could be because the text is broken up by multiple elements. In this case, you can provide a function for your text matcher to make your matcher more flexible.\n\n    Ignored nodes: comments, script, style\n    \u001b[36m<body>\u001b[39m\n      \u001b[36m<div>\u001b[39m\n        \u001b[36m<div\u001b[39m\n          \u001b[33mclass\u001b[39m=\u001b[32m\"container py-4\"\u001b[39m\n        \u001b[36m>\u001b[39m\n          \u001b[36m<div\u001b[39m\n            \u001b[33mclass\u001b[39m=\u001b[32m\"page-header\"\u001b[39m\n          \u001b[36m>\u001b[39m\n            \u001b[36m<div\u001b[39m\n              \u001b[33mclass\u001b[39m=\u001b[32m\"page-header-left\"\u001b[39m\n            \u001b[36m>\u001b[39m\n              \u001b[36m<h1\u001b[39m\n                \u001b[33mclass\u001b[39m=\u001b[32m\"page-title h4\"\u001b[39m\n              \u001b[36m>\u001b[39m\n                \u001b[0mCart\u001b[0m\n              \u001b[36m</h1>\u001b[39m\n              \u001b[36m<div\u001b[39m\n                \u001b[33mclass\u001b[39m=\u001b[32m\"page-subtitle muted\"\u001b[39m\n              \u001b[36m>\u001b[39m\n                \u001b[0mReview items before checkout\u001b[0m\n              \u001b[36m</div>\u001b[39m\n            \u001b[36m</div>\u001b[39m\n            \u001b[36m<div\u001b[39m\n              \u001b[33mclass\u001b[39m=\u001b[32m\"page-header-right\"\u001b[39m\n            \u001b[36m/>\u001b[39m\n          \u001b[36m</div>\u001b[39m\n          \u001b[36m<div\u001b[39m\n            \u001b[33mclass\u001b[39m=\u001b[32m\"alert alert-danger\"\u001b[39m\n          \u001b[36m>\u001b[39m\n            \u001b[0mCannot read properties of undefined (reading 'items')\u001b[0m\n          \u001b[36m</div>\u001b[39m\n          \u001b[36m<div\u001b[39m\n            \u001b[33mclass\u001b[39m=\u001b[32m\"mt-4 text-end\"\u001b[39m\n          \u001b[36m>\u001b[39m\n            \u001b[36m<h4>\u001b[39m\n              \u001b[0mTotal: \u001b[0m\n              \u001b[36m<span\u001b[39m\n                \u001b[33mclass\u001b[39m=\u001b[32m\"fw-bold\"\u001b[39m\n              \u001b[36m>\u001b[39m\n                \u001b[0m$\u001b[0m\n                \u001b[0m0\u001b[0m\n              \u001b[36m</span>\u001b[39m\n            \u001b[36m</h4>\u001b[39m\n            \u001b[36m<button\u001b[39m\n              \u001b[33mclass\u001b[39m=\u001b[32m\"mt-2\"\u001b[39m\n            \u001b[36m>\u001b[39m\n              \u001b[0mProceed to checkout\u001b[0m\n            \u001b[36m</button>\u001b[39m\n          \u001b[36m</div>\u001b[39m\n        \u001b[36m</div>\u001b[39m\n      \u001b[36m</div>\u001b[39m\n    \u001b[36m</body>\u001b[39m\n\u001b[2m\u001b[22m\n\u001b[2m    \u001b[0m \u001b[90m 29 |\u001b[39m     \u001b[36mconst\u001b[39m { findByText } \u001b[33m=\u001b[39m renderWithRouter(\u001b[33m<\u001b[39m\u001b[33mCartPage\u001b[39m \u001b[33m/\u001b[39m\u001b[33m>\u001b[39m)\u001b[33m;\u001b[39m\u001b[22m\n\u001b[2m     \u001b[90m 30 |\u001b[39m     expect(\u001b[36mawait\u001b[39m findByText(\u001b[32m'Cart'\u001b[39m))\u001b[33m.\u001b[39mtoBeInTheDocument()\u001b[33m;\u001b[39m\u001b[22m\n\u001b[2m    \u001b[31m\u001b[1m>\u001b[22m\u001b[2m\u001b[39m\u001b[90m 31 |\u001b[39m     expect(\u001b[36mawait\u001b[39m findByText(\u001b[32m'No items in cart'\u001b[39m))\u001b[33m.\u001b[39mtoBeInTheDocument()\u001b[33m;\u001b[39m\u001b[22m\n\u001b[2m     \u001b[90m    |\u001b[39m                  \u001b[31m\u001b[1m^\u001b[22m\u001b[2m\u001b[39m\u001b[22m\n\u001b[2m     \u001b[90m 32 |\u001b[39m     expect(\u001b[36mawait\u001b[39m findByText(\u001b[32m'Your cart is empty. Add items to proceed to checkout.'\u001b[39m))\u001b[33m.\u001b[39mtoBeInTheDocument()\u001b[33m;\u001b[39m\u001b[22m\n\u001b[2m     \u001b[90m 33 |\u001b[39m   })\u001b[33m;\u001b[39m\u001b[22m\n\u001b[2m     \u001b[90m 34 |\u001b[39m })\u001b[33m;\u001b[39m\u001b[0m\u001b[22m\n\u001b[2m\u001b[22m\n\u001b[2m      \u001b[2mat waitForWrapper (\u001b[22m\u001b[2mnode_modules/@testing-library/dom/dist/wait-for.js\u001b[2m:163:27)\u001b[22m\u001b[2m\u001b[22m\n\u001b[2m      \u001b[2mat findByText (\u001b[22m\u001b[2mnode_modules/@testing-library/dom/dist/query-helpers.js\u001b[2m:86:33)\u001b[22m\u001b[2m\u001b[22m\n\u001b[2m      \u001b[2mat Object.<anonymous> (\u001b[22m\u001b[2m\u001b[0m\u001b[36msrc/pages/__tests__/CartPage.test.js\u001b[39m\u001b[0m\u001b[2m:31:18)\u001b[22m\u001b[2m\u001b[22m\n","name":"C:\\Users\\USER\\Documents\\divinaPopinaV2\\frontend\\src\\pages\\__tests__\\CartPage.test.js","startTime":1769134870289,"status":"failed","summary":""},{"assertionResults":[{"ancestorTitles":["ProfilePage"],"failureMessages":[],"fullName":"ProfilePage shows success toast after saving user info","location":null,"status":"passed","title":"shows success toast after saving user info"},{"ancestorTitles":["ProfilePage"],"failureMessages":["Error: Unable to find an element with the text: Could not save changes. This could be because the text is broken up by multiple elements. In this case, you can provide a function for your text matcher to make your matcher more flexible.\n\nIgnored nodes: comments, script, style\n\u001b[36m<body>\u001b[39m\n  \u001b[36m<div>\u001b[39m\n    \u001b[36m<div\u001b[39m\n      \u001b[33mclass\u001b[39m=\u001b[32m\"profile-page\"\u001b[39m\n    \u001b[36m>\u001b[39m\n      \u001b[36m<div\u001b[39m\n        \u001b[33mclass\u001b[39m=\u001b[32m\"page-header\"\u001b[39m\n      \u001b[36m>\u001b[39m\n        \u001b[36m<div\u001b[39m\n          \u001b[33mclass\u001b[39m=\u001b[32m\"page-header-left\"\u001b[39m\n        \u001b[36m>\u001b[39m\n          \u001b[36m<h1\u001b[39m\n            \u001b[33mclass\u001b[39m=\u001b[32m\"page-title h4\"\u001b[39m\n          \u001b[36m>\u001b[39m\n            \u001b[0mProfile\u001b[0m\n          \u001b[36m</h1>\u001b[39m\n          \u001b[36m<div\u001b[39m\n            \u001b[33mclass\u001b[39m=\u001b[32m\"page-subtitle muted\"\u001b[39m\n          \u001b[36m>\u001b[39m\n            \u001b[0mManage your account and preferences\u001b[0m\n          \u001b[36m</div>\u001b[39m\n        \u001b[36m</div>\u001b[39m\n        \u001b[36m<div\u001b[39m\n          \u001b[33mclass\u001b[39m=\u001b[32m\"page-header-right\"\u001b[39m\n        \u001b[36m/>\u001b[39m\n      \u001b[36m</div>\u001b[39m\n      \u001b[36m<section\u001b[39m\n        \u001b[33mclass\u001b[39m=\u001b[32m\"profile-section\"\u001b[39m\n      \u001b[36m>\u001b[39m\n        \u001b[36m<h3>\u001b[39m\n          \u001b[0mUser Information\u001b[0m\n        \u001b[36m</h3>\u001b[39m\n        \u001b[36m<div>\u001b[39m\n          \u001b[0mName: \u001b[0m\n          \u001b[0mJane B. Doe\u001b[0m\n        \u001b[36m</div>\u001b[39m\n        \u001b[36m<button\u001b[39m\n          \u001b[33mclass\u001b[39m=\u001b[32m\"btn secondary\"\u001b[39m\n        \u001b[36m>\u001b[39m\n          \u001b[0mEdit\u001b[0m\n        \u001b[36m</button>\u001b[39m\n      \u001b[36m</section>\u001b[39m\n      \u001b[36m<section\u001b[39m\n        \u001b[33mclass\u001b[39m=\u001b[32m\"profile-section\"\u001b[39m\n      \u001b[36m>\u001b[39m\n        \u001b[36m<h3>\u001b[39m\n          \u001b[0mShipping Information\u001b[0m\n        \u001b[36m</h3>\u001b[39m\n        \u001b[36m<button\u001b[39m\n          \u001b[33mclass\u001b[39m=\u001b[32m\"btn primary\"\u001b[39m\n        \u001b[36m>\u001b[39m\n          \u001b[0mAdd shipping info\u001b[0m\n        \u001b[36m</button>\u001b[39m\n      \u001b[36m</section>\u001b[39m\n      \u001b[36m<section\u001b[39m\n        \u001b[33mclass\u001b[39m=\u001b[32m\"profile-section\"\u001b[39m\n      \u001b[36m>\u001b[39m\n        \u001b[36m<h3>\u001b[39m\n          \u001b[0mPayment Information\u001b[0m\n        \u001b[36m</h3>\u001b[39m\n        \u001b[36m<button\u001b[39m\n          \u001b[33mclass\u001b[39m=\u001b[32m\"btn primary\"\u001b[39m\n        \u001b[36m>\u001b[39m\n          \u001b[0mAdd payment method\u001b[0m\n        \u001b[36m</button>\u001b[39m\n      \u001b[36m</section>\u001b[39m\n      \u001b[36m<button\u001b[39m\n        \u001b[33mclass\u001b[39m=\u001b[32m\"delete-account-btn\"\u001b[39m\n      \u001b[36m>\u001b[39m\n        \u001b[0mDelete account\u001b[0m\n      \u001b[36m</button>\u001b[39m\n      \u001b[36m<div\u001b[39m\n        \u001b[33maria-live\u001b[39m=\u001b[32m\"polite\"\u001b[39m\n        \u001b[33mclass\u001b[39m=\u001b[32m\"toast success\"\u001b[39m\n        \u001b[33mrole\u001b[39m=\u001b[32m\"status\"\u001b[39m\n      \u001b[36m>\u001b[39m\n        \u001b[36m<span\u001b[39m\n          \u001b[33mclass\u001b[39m=\u001b[32m\"toast-msg\"\u001b[39m\n        \u001b[36m>\u001b[39m\n          \u001b[0mProfile updated\u001b[0m\n        \u001b[36m</span>\u001b[39m\n        \u001b[36m<button\u001b[39m\n          \u001b[33maria-label\u001b[39m=\u001b[32m\"Dismiss\"\u001b[39m\n          \u001b[33mclass\u001b[39m=\u001b[32m\"toast-close\"\u001b[39m\n        \u001b[36m>\u001b[39m\n          \u001b[0m×\u001b[0m\n        \u001b[36m</button>\u001b[39m\n      \u001b[36m</div>\u001b[39m\n    \u001b[36m</div>\u001b[39m\n  \u001b[36m</div>\u001b[39m\n\u001b[36m</body>\u001b[39m\n    at waitForWrapper (C:\\Users\\USER\\Documents\\divinaPopinaV2\\frontend\\node_modules\\@testing-library\\dom\\dist\\wait-for.js:163:27)\n    at findByText (C:\\Users\\USER\\Documents\\divinaPopinaV2\\frontend\\node_modules\\@testing-library\\dom\\dist\\query-helpers.js:86:33)\n    at Object.<anonymous> (C:\\Users\\USER\\Documents\\divinaPopinaV2\\frontend\\src\\pages\\__tests__\\ProfilePage.test.js:72:18)"],"fullName":"ProfilePage shows error toast if save fails","location":null,"status":"failed","title":"shows error toast if save fails"}],"endTime":1769134877483,"message":"\u001b[1m\u001b[31m  \u001b[1m● \u001b[22m\u001b[1mProfilePage › shows error toast if save fails\u001b[39m\u001b[22m\n\n    Unable to find an element with the text: Could not save changes. This could be because the text is broken up by multiple elements. In this case, you can provide a function for your text matcher to make your matcher more flexible.\n\n    Ignored nodes: comments, script, style\n    \u001b[36m<body>\u001b[39m\n      \u001b[36m<div>\u001b[39m\n        \u001b[36m<div\u001b[39m\n          \u001b[33mclass\u001b[39m=\u001b[32m\"profile-page\"\u001b[39m\n        \u001b[36m>\u001b[39m\n          \u001b[36m<div\u001b[39m\n            \u001b[33mclass\u001b[39m=\u001b[32m\"page-header\"\u001b[39m\n          \u001b[36m>\u001b[39m\n            \u001b[36m<div\u001b[39m\n              \u001b[33mclass\u001b[39m=\u001b[32m\"page-header-left\"\u001b[39m\n            \u001b[36m>\u001b[39m\n              \u001b[36m<h1\u001b[39m\n                \u001b[33mclass\u001b[39m=\u001b[32m\"page-title h4\"\u001b[39m\n              \u001b[36m>\u001b[39m\n                \u001b[0mProfile\u001b[0m\n              \u001b[36m</h1>\u001b[39m\n              \u001b[36m<div\u001b[39m\n                \u001b[33mclass\u001b[39m=\u001b[32m\"page-subtitle muted\"\u001b[39m\n              \u001b[36m>\u001b[39m\n                \u001b[0mManage your account and preferences\u001b[0m\n              \u001b[36m</div>\u001b[39m\n            \u001b[36m</div>\u001b[39m\n            \u001b[36m<div\u001b[39m\n              \u001b[33mclass\u001b[39m=\u001b[32m\"page-header-right\"\u001b[39m\n            \u001b[36m/>\u001b[39m\n          \u001b[36m</div>\u001b[39m\n          \u001b[36m<section\u001b[39m\n            \u001b[33mclass\u001b[39m=\u001b[32m\"profile-section\"\u001b[39m\n          \u001b[36m>\u001b[39m\n            \u001b[36m<h3>\u001b[39m\n              \u001b[0mUser Information\u001b[0m\n            \u001b[36m</h3>\u001b[39m\n            \u001b[36m<div>\u001b[39m\n              \u001b[0mName: \u001b[0m\n              \u001b[0mJane B. Doe\u001b[0m\n            \u001b[36m</div>\u001b[39m\n            \u001b[36m<button\u001b[39m\n              \u001b[33mclass\u001b[39m=\u001b[32m\"btn secondary\"\u001b[39m\n            \u001b[36m>\u001b[39m\n              \u001b[0mEdit\u001b[0m\n            \u001b[36m</button>\u001b[39m\n          \u001b[36m</section>\u001b[39m\n          \u001b[36m<section\u001b[39m\n            \u001b[33mclass\u001b[39m=\u001b[32m\"profile-section\"\u001b[39m\n          \u001b[36m>\u001b[39m\n            \u001b[36m<h3>\u001b[39m\n              \u001b[0mShipping Information\u001b[0m\n            \u001b[36m</h3>\u001b[39m\n            \u001b[36m<button\u001b[39m\n              \u001b[33mclass\u001b[39m=\u001b[32m\"btn primary\"\u001b[39m\n            \u001b[36m>\u001b[39m\n              \u001b[0mAdd shipping info\u001b[0m\n            \u001b[36m</button>\u001b[39m\n          \u001b[36m</section>\u001b[39m\n          \u001b[36m<section\u001b[39m\n            \u001b[33mclass\u001b[39m=\u001b[32m\"profile-section\"\u001b[39m\n          \u001b[36m>\u001b[39m\n            \u001b[36m<h3>\u001b[39m\n              \u001b[0mPayment Information\u001b[0m\n            \u001b[36m</h3>\u001b[39m\n            \u001b[36m<button\u001b[39m\n              \u001b[33mclass\u001b[39m=\u001b[32m\"btn primary\"\u001b[39m\n            \u001b[36m>\u001b[39m\n              \u001b[0mAdd payment method\u001b[0m\n            \u001b[36m</button>\u001b[39m\n          \u001b[36m</section>\u001b[39m\n          \u001b[36m<button\u001b[39m\n            \u001b[33mclass\u001b[39m=\u001b[32m\"delete-account-btn\"\u001b[39m\n          \u001b[36m>\u001b[39m\n            \u001b[0mDelete account\u001b[0m\n          \u001b[36m</button>\u001b[39m\n          \u001b[36m<div\u001b[39m\n            \u001b[33maria-live\u001b[39m=\u001b[32m\"polite\"\u001b[39m\n            \u001b[33mclass\u001b[39m=\u001b[32m\"toast success\"\u001b[39m\n            \u001b[33mrole\u001b[39m=\u001b[32m\"status\"\u001b[39m\n          \u001b[36m>\u001b[39m\n            \u001b[36m<span\u001b[39m\n              \u001b[33mclass\u001b[39m=\u001b[32m\"toast-msg\"\u001b[39m\n            \u001b[36m>\u001b[39m\n              \u001b[0mProfile updated\u001b[0m\n            \u001b[36m</span>\u001b[39m\n            \u001b[36m<button\u001b[39m\n              \u001b[33maria-label\u001b[39m=\u001b[32m\"Dismiss\"\u001b[39m\n              \u001b[33mclass\u001b[39m=\u001b[32m\"toast-close\"\u001b[39m\n            \u001b[36m>\u001b[39m\n              \u001b[0m×\u001b[0m\n            \u001b[36m</button>\u001b[39m\n          \u001b[36m</div>\u001b[39m\n        \u001b[36m</div>\u001b[39m\n      \u001b[36m</div>\u001b[39m\n    \u001b[36m</body>\u001b[39m\n\u001b[2m\u001b[22m\n\u001b[2m    \u001b[0m \u001b[90m 70 |\u001b[39m     fireEvent\u001b[33m.\u001b[39mclick(getByText(\u001b[32m'Save changes'\u001b[39m))\u001b[33m;\u001b[39m\u001b[22m\n\u001b[2m     \u001b[90m 71 |\u001b[39m\u001b[22m\n\u001b[2m    \u001b[31m\u001b[1m>\u001b[22m\u001b[2m\u001b[39m\u001b[90m 72 |\u001b[39m     expect(\u001b[36mawait\u001b[39m findByText(\u001b[32m'Could not save changes'\u001b[39m))\u001b[33m.\u001b[39mtoBeInTheDocument()\u001b[33m;\u001b[39m\u001b[22m\n\u001b[2m     \u001b[90m    |\u001b[39m                  \u001b[31m\u001b[1m^\u001b[22m\u001b[2m\u001b[39m\u001b[22m\n\u001b[2m     \u001b[90m 73 |\u001b[39m   })\u001b[33m;\u001b[39m\u001b[22m\n\u001b[2m     \u001b[90m 74 |\u001b[39m })\u001b[33m;\u001b[39m\u001b[22m\n\u001b[2m     \u001b[90m 75 |\u001b[39m\u001b[0m\u001b[22m\n\u001b[2m\u001b[22m\n\u001b[2m      \u001b[2mat waitForWrapper (\u001b[22m\u001b[2mnode_modules/@testing-library/dom/dist/wait-for.js\u001b[2m:163:27)\u001b[22m\u001b[2m\u001b[22m\n\u001b[2m      \u001b[2mat findByText (\u001b[22m\u001b[2mnode_modules/@testing-library/dom/dist/query-helpers.js\u001b[2m:86:33)\u001b[22m\u001b[2m\u001b[22m\n\u001b[2m      \u001b[2mat Object.<anonymous> (\u001b[22m\u001b[2m\u001b[0m\u001b[36msrc/pages/__tests__/ProfilePage.test.js\u001b[39m\u001b[0m\u001b[2m:72:18)\u001b[22m\u001b[2m\u001b[22m\n","name":"C:\\Users\\USER\\Documents\\divinaPopinaV2\\frontend\\src\\pages\\__tests__\\ProfilePage.test.js","startTime":1769134870364,"status":"failed","summary":""}],"wasInterrupted":false}